{"C:\\Users\\ASUS\\Desktop\\CS4218\\cs4218-2420-ecom-project-team33\\controllers\\authController.js": {"path":"C:\\Users\\ASUS\\Desktop\\CS4218\\cs4218-2420-ecom-project-team33\\controllers\\authController.js","statementMap":{"0":{"start":{"line":7,"column":34},"end":{"line":63,"column":1}},"1":{"start":{"line":8,"column":2},"end":{"line":62,"column":3}},"2":{"start":{"line":9,"column":62},"end":{"line":9,"column":70}},"3":{"start":{"line":11,"column":4},"end":{"line":13,"column":5}},"4":{"start":{"line":12,"column":6},"end":{"line":12,"column":53}},"5":{"start":{"line":14,"column":4},"end":{"line":16,"column":5}},"6":{"start":{"line":15,"column":6},"end":{"line":15,"column":56}},"7":{"start":{"line":17,"column":4},"end":{"line":19,"column":5}},"8":{"start":{"line":18,"column":6},"end":{"line":18,"column":59}},"9":{"start":{"line":20,"column":4},"end":{"line":22,"column":5}},"10":{"start":{"line":21,"column":6},"end":{"line":21,"column":59}},"11":{"start":{"line":23,"column":4},"end":{"line":25,"column":5}},"12":{"start":{"line":24,"column":6},"end":{"line":24,"column":58}},"13":{"start":{"line":26,"column":4},"end":{"line":28,"column":5}},"14":{"start":{"line":27,"column":6},"end":{"line":27,"column":57}},"15":{"start":{"line":30,"column":26},"end":{"line":30,"column":60}},"16":{"start":{"line":32,"column":4},"end":{"line":37,"column":5}},"17":{"start":{"line":33,"column":6},"end":{"line":36,"column":9}},"18":{"start":{"line":39,"column":27},"end":{"line":39,"column":55}},"19":{"start":{"line":41,"column":17},"end":{"line":48,"column":13}},"20":{"start":{"line":50,"column":4},"end":{"line":54,"column":7}},"21":{"start":{"line":56,"column":4},"end":{"line":56,"column":23}},"22":{"start":{"line":57,"column":4},"end":{"line":61,"column":7}},"23":{"start":{"line":66,"column":31},"end":{"line":116,"column":1}},"24":{"start":{"line":67,"column":2},"end":{"line":115,"column":3}},"25":{"start":{"line":68,"column":32},"end":{"line":68,"column":40}},"26":{"start":{"line":70,"column":4},"end":{"line":75,"column":5}},"27":{"start":{"line":71,"column":6},"end":{"line":74,"column":9}},"28":{"start":{"line":77,"column":17},"end":{"line":77,"column":51}},"29":{"start":{"line":78,"column":4},"end":{"line":83,"column":5}},"30":{"start":{"line":79,"column":6},"end":{"line":82,"column":9}},"31":{"start":{"line":84,"column":18},"end":{"line":84,"column":64}},"32":{"start":{"line":85,"column":4},"end":{"line":90,"column":5}},"33":{"start":{"line":86,"column":6},"end":{"line":89,"column":9}},"34":{"start":{"line":92,"column":18},"end":{"line":94,"column":6}},"35":{"start":{"line":95,"column":4},"end":{"line":107,"column":7}},"36":{"start":{"line":109,"column":4},"end":{"line":109,"column":23}},"37":{"start":{"line":110,"column":4},"end":{"line":114,"column":7}},"38":{"start":{"line":120,"column":40},"end":{"line":155,"column":1}},"39":{"start":{"line":121,"column":2},"end":{"line":154,"column":3}},"40":{"start":{"line":122,"column":43},"end":{"line":122,"column":51}},"41":{"start":{"line":123,"column":4},"end":{"line":125,"column":5}},"42":{"start":{"line":124,"column":6},"end":{"line":124,"column":60}},"43":{"start":{"line":126,"column":4},"end":{"line":128,"column":5}},"44":{"start":{"line":127,"column":6},"end":{"line":127,"column":62}},"45":{"start":{"line":129,"column":4},"end":{"line":131,"column":5}},"46":{"start":{"line":130,"column":6},"end":{"line":130,"column":68}},"47":{"start":{"line":133,"column":17},"end":{"line":133,"column":59}},"48":{"start":{"line":135,"column":4},"end":{"line":140,"column":5}},"49":{"start":{"line":136,"column":6},"end":{"line":139,"column":9}},"50":{"start":{"line":141,"column":19},"end":{"line":141,"column":50}},"51":{"start":{"line":142,"column":4},"end":{"line":142,"column":70}},"52":{"start":{"line":143,"column":4},"end":{"line":146,"column":7}},"53":{"start":{"line":148,"column":4},"end":{"line":148,"column":23}},"54":{"start":{"line":149,"column":4},"end":{"line":153,"column":7}},"55":{"start":{"line":158,"column":30},"end":{"line":165,"column":1}},"56":{"start":{"line":159,"column":2},"end":{"line":164,"column":3}},"57":{"start":{"line":160,"column":4},"end":{"line":160,"column":33}},"58":{"start":{"line":162,"column":4},"end":{"line":162,"column":23}},"59":{"start":{"line":163,"column":4},"end":{"line":163,"column":24}},"60":{"start":{"line":168,"column":39},"end":{"line":200,"column":1}},"61":{"start":{"line":169,"column":2},"end":{"line":199,"column":3}},"62":{"start":{"line":170,"column":47},"end":{"line":170,"column":55}},"63":{"start":{"line":171,"column":17},"end":{"line":171,"column":55}},"64":{"start":{"line":173,"column":4},"end":{"line":175,"column":5}},"65":{"start":{"line":174,"column":6},"end":{"line":174,"column":79}},"66":{"start":{"line":176,"column":27},"end":{"line":176,"column":78}},"67":{"start":{"line":177,"column":24},"end":{"line":186,"column":5}},"68":{"start":{"line":187,"column":4},"end":{"line":191,"column":7}},"69":{"start":{"line":193,"column":4},"end":{"line":193,"column":23}},"70":{"start":{"line":194,"column":4},"end":{"line":198,"column":7}},"71":{"start":{"line":203,"column":35},"end":{"line":218,"column":1}},"72":{"start":{"line":204,"column":2},"end":{"line":217,"column":3}},"73":{"start":{"line":205,"column":19},"end":{"line":208,"column":32}},"74":{"start":{"line":209,"column":4},"end":{"line":209,"column":21}},"75":{"start":{"line":211,"column":4},"end":{"line":211,"column":23}},"76":{"start":{"line":212,"column":4},"end":{"line":216,"column":7}},"77":{"start":{"line":220,"column":38},"end":{"line":236,"column":1}},"78":{"start":{"line":221,"column":2},"end":{"line":235,"column":3}},"79":{"start":{"line":222,"column":19},"end":{"line":226,"column":32}},"80":{"start":{"line":227,"column":4},"end":{"line":227,"column":21}},"81":{"start":{"line":229,"column":4},"end":{"line":229,"column":23}},"82":{"start":{"line":230,"column":4},"end":{"line":234,"column":7}},"83":{"start":{"line":239,"column":37},"end":{"line":257,"column":1}},"84":{"start":{"line":240,"column":2},"end":{"line":256,"column":3}},"85":{"start":{"line":241,"column":24},"end":{"line":241,"column":34}},"86":{"start":{"line":242,"column":23},"end":{"line":242,"column":31}},"87":{"start":{"line":243,"column":19},"end":{"line":247,"column":5}},"88":{"start":{"line":248,"column":4},"end":{"line":248,"column":21}},"89":{"start":{"line":250,"column":4},"end":{"line":250,"column":23}},"90":{"start":{"line":251,"column":4},"end":{"line":255,"column":7}}},"fnMap":{"0":{"name":"(anonymous_0)","decl":{"start":{"line":7,"column":34},"end":{"line":7,"column":35}},"loc":{"start":{"line":7,"column":54},"end":{"line":63,"column":1}},"line":7},"1":{"name":"(anonymous_1)","decl":{"start":{"line":66,"column":31},"end":{"line":66,"column":32}},"loc":{"start":{"line":66,"column":51},"end":{"line":116,"column":1}},"line":66},"2":{"name":"(anonymous_2)","decl":{"start":{"line":120,"column":40},"end":{"line":120,"column":41}},"loc":{"start":{"line":120,"column":60},"end":{"line":155,"column":1}},"line":120},"3":{"name":"(anonymous_3)","decl":{"start":{"line":158,"column":30},"end":{"line":158,"column":31}},"loc":{"start":{"line":158,"column":44},"end":{"line":165,"column":1}},"line":158},"4":{"name":"(anonymous_4)","decl":{"start":{"line":168,"column":39},"end":{"line":168,"column":40}},"loc":{"start":{"line":168,"column":59},"end":{"line":200,"column":1}},"line":168},"5":{"name":"(anonymous_5)","decl":{"start":{"line":203,"column":35},"end":{"line":203,"column":36}},"loc":{"start":{"line":203,"column":55},"end":{"line":218,"column":1}},"line":203},"6":{"name":"(anonymous_6)","decl":{"start":{"line":220,"column":38},"end":{"line":220,"column":39}},"loc":{"start":{"line":220,"column":58},"end":{"line":236,"column":1}},"line":220},"7":{"name":"(anonymous_7)","decl":{"start":{"line":239,"column":37},"end":{"line":239,"column":38}},"loc":{"start":{"line":239,"column":57},"end":{"line":257,"column":1}},"line":239}},"branchMap":{"0":{"loc":{"start":{"line":11,"column":4},"end":{"line":13,"column":5}},"type":"if","locations":[{"start":{"line":11,"column":4},"end":{"line":13,"column":5}},{"start":{},"end":{}}],"line":11},"1":{"loc":{"start":{"line":14,"column":4},"end":{"line":16,"column":5}},"type":"if","locations":[{"start":{"line":14,"column":4},"end":{"line":16,"column":5}},{"start":{},"end":{}}],"line":14},"2":{"loc":{"start":{"line":17,"column":4},"end":{"line":19,"column":5}},"type":"if","locations":[{"start":{"line":17,"column":4},"end":{"line":19,"column":5}},{"start":{},"end":{}}],"line":17},"3":{"loc":{"start":{"line":20,"column":4},"end":{"line":22,"column":5}},"type":"if","locations":[{"start":{"line":20,"column":4},"end":{"line":22,"column":5}},{"start":{},"end":{}}],"line":20},"4":{"loc":{"start":{"line":23,"column":4},"end":{"line":25,"column":5}},"type":"if","locations":[{"start":{"line":23,"column":4},"end":{"line":25,"column":5}},{"start":{},"end":{}}],"line":23},"5":{"loc":{"start":{"line":26,"column":4},"end":{"line":28,"column":5}},"type":"if","locations":[{"start":{"line":26,"column":4},"end":{"line":28,"column":5}},{"start":{},"end":{}}],"line":26},"6":{"loc":{"start":{"line":32,"column":4},"end":{"line":37,"column":5}},"type":"if","locations":[{"start":{"line":32,"column":4},"end":{"line":37,"column":5}},{"start":{},"end":{}}],"line":32},"7":{"loc":{"start":{"line":70,"column":4},"end":{"line":75,"column":5}},"type":"if","locations":[{"start":{"line":70,"column":4},"end":{"line":75,"column":5}},{"start":{},"end":{}}],"line":70},"8":{"loc":{"start":{"line":70,"column":8},"end":{"line":70,"column":27}},"type":"binary-expr","locations":[{"start":{"line":70,"column":8},"end":{"line":70,"column":14}},{"start":{"line":70,"column":18},"end":{"line":70,"column":27}}],"line":70},"9":{"loc":{"start":{"line":78,"column":4},"end":{"line":83,"column":5}},"type":"if","locations":[{"start":{"line":78,"column":4},"end":{"line":83,"column":5}},{"start":{},"end":{}}],"line":78},"10":{"loc":{"start":{"line":85,"column":4},"end":{"line":90,"column":5}},"type":"if","locations":[{"start":{"line":85,"column":4},"end":{"line":90,"column":5}},{"start":{},"end":{}}],"line":85},"11":{"loc":{"start":{"line":123,"column":4},"end":{"line":125,"column":5}},"type":"if","locations":[{"start":{"line":123,"column":4},"end":{"line":125,"column":5}},{"start":{},"end":{}}],"line":123},"12":{"loc":{"start":{"line":126,"column":4},"end":{"line":128,"column":5}},"type":"if","locations":[{"start":{"line":126,"column":4},"end":{"line":128,"column":5}},{"start":{},"end":{}}],"line":126},"13":{"loc":{"start":{"line":129,"column":4},"end":{"line":131,"column":5}},"type":"if","locations":[{"start":{"line":129,"column":4},"end":{"line":131,"column":5}},{"start":{},"end":{}}],"line":129},"14":{"loc":{"start":{"line":135,"column":4},"end":{"line":140,"column":5}},"type":"if","locations":[{"start":{"line":135,"column":4},"end":{"line":140,"column":5}},{"start":{},"end":{}}],"line":135},"15":{"loc":{"start":{"line":173,"column":4},"end":{"line":175,"column":5}},"type":"if","locations":[{"start":{"line":173,"column":4},"end":{"line":175,"column":5}},{"start":{},"end":{}}],"line":173},"16":{"loc":{"start":{"line":173,"column":8},"end":{"line":173,"column":39}},"type":"binary-expr","locations":[{"start":{"line":173,"column":8},"end":{"line":173,"column":16}},{"start":{"line":173,"column":20},"end":{"line":173,"column":39}}],"line":173},"17":{"loc":{"start":{"line":176,"column":27},"end":{"line":176,"column":78}},"type":"cond-expr","locations":[{"start":{"line":176,"column":38},"end":{"line":176,"column":66}},{"start":{"line":176,"column":69},"end":{"line":176,"column":78}}],"line":176},"18":{"loc":{"start":{"line":180,"column":14},"end":{"line":180,"column":31}},"type":"binary-expr","locations":[{"start":{"line":180,"column":14},"end":{"line":180,"column":18}},{"start":{"line":180,"column":22},"end":{"line":180,"column":31}}],"line":180},"19":{"loc":{"start":{"line":181,"column":18},"end":{"line":181,"column":49}},"type":"binary-expr","locations":[{"start":{"line":181,"column":18},"end":{"line":181,"column":32}},{"start":{"line":181,"column":36},"end":{"line":181,"column":49}}],"line":181},"20":{"loc":{"start":{"line":182,"column":15},"end":{"line":182,"column":34}},"type":"binary-expr","locations":[{"start":{"line":182,"column":15},"end":{"line":182,"column":20}},{"start":{"line":182,"column":24},"end":{"line":182,"column":34}}],"line":182},"21":{"loc":{"start":{"line":183,"column":17},"end":{"line":183,"column":40}},"type":"binary-expr","locations":[{"start":{"line":183,"column":17},"end":{"line":183,"column":24}},{"start":{"line":183,"column":28},"end":{"line":183,"column":40}}],"line":183}},"s":{"0":1,"1":1,"2":1,"3":1,"4":0,"5":1,"6":0,"7":1,"8":0,"9":1,"10":0,"11":1,"12":0,"13":1,"14":0,"15":1,"16":1,"17":0,"18":1,"19":1,"20":1,"21":0,"22":0,"23":1,"24":0,"25":0,"26":0,"27":0,"28":0,"29":0,"30":0,"31":0,"32":0,"33":0,"34":0,"35":0,"36":0,"37":0,"38":1,"39":0,"40":0,"41":0,"42":0,"43":0,"44":0,"45":0,"46":0,"47":0,"48":0,"49":0,"50":0,"51":0,"52":0,"53":0,"54":0,"55":1,"56":0,"57":0,"58":0,"59":0,"60":1,"61":0,"62":0,"63":0,"64":0,"65":0,"66":0,"67":0,"68":0,"69":0,"70":0,"71":1,"72":0,"73":0,"74":0,"75":0,"76":0,"77":1,"78":0,"79":0,"80":0,"81":0,"82":0,"83":1,"84":0,"85":0,"86":0,"87":0,"88":0,"89":0,"90":0},"f":{"0":1,"1":0,"2":0,"3":0,"4":0,"5":0,"6":0,"7":0},"b":{"0":[0,1],"1":[0,1],"2":[0,1],"3":[0,1],"4":[0,1],"5":[0,1],"6":[0,1],"7":[0,0],"8":[0,0],"9":[0,0],"10":[0,0],"11":[0,0],"12":[0,0],"13":[0,0],"14":[0,0],"15":[0,0],"16":[0,0],"17":[0,0],"18":[0,0],"19":[0,0],"20":[0,0],"21":[0,0]},"inputSourceMap":null,"_coverageSchema":"1a1c01bbd47fc00a2c39e90264f33305004495a9","hash":"ba65c718194768be767791c9e0cfb72483b823e7"}
,"C:\\Users\\ASUS\\Desktop\\CS4218\\cs4218-2420-ecom-project-team33\\controllers\\categoryController.js": {"path":"C:\\Users\\ASUS\\Desktop\\CS4218\\cs4218-2420-ecom-project-team33\\controllers\\categoryController.js","statementMap":{"0":{"start":{"line":3,"column":40},"end":{"line":36,"column":1}},"1":{"start":{"line":4,"column":2},"end":{"line":35,"column":3}},"2":{"start":{"line":5,"column":21},"end":{"line":5,"column":29}},"3":{"start":{"line":6,"column":4},"end":{"line":11,"column":5}},"4":{"start":{"line":7,"column":6},"end":{"line":10,"column":9}},"5":{"start":{"line":12,"column":29},"end":{"line":12,"column":66}},"6":{"start":{"line":13,"column":4},"end":{"line":18,"column":5}},"7":{"start":{"line":14,"column":6},"end":{"line":17,"column":9}},"8":{"start":{"line":19,"column":21},"end":{"line":22,"column":13}},"9":{"start":{"line":23,"column":4},"end":{"line":27,"column":7}},"10":{"start":{"line":29,"column":4},"end":{"line":29,"column":23}},"11":{"start":{"line":30,"column":4},"end":{"line":34,"column":7}},"12":{"start":{"line":39,"column":40},"end":{"line":83,"column":1}},"13":{"start":{"line":40,"column":2},"end":{"line":82,"column":3}},"14":{"start":{"line":41,"column":21},"end":{"line":41,"column":29}},"15":{"start":{"line":42,"column":19},"end":{"line":42,"column":29}},"16":{"start":{"line":44,"column":4},"end":{"line":49,"column":5}},"17":{"start":{"line":45,"column":6},"end":{"line":48,"column":9}},"18":{"start":{"line":51,"column":4},"end":{"line":56,"column":5}},"19":{"start":{"line":52,"column":6},"end":{"line":55,"column":9}},"20":{"start":{"line":58,"column":29},"end":{"line":58,"column":61}},"21":{"start":{"line":59,"column":4},"end":{"line":64,"column":5}},"22":{"start":{"line":60,"column":6},"end":{"line":63,"column":9}},"23":{"start":{"line":65,"column":21},"end":{"line":69,"column":5}},"24":{"start":{"line":70,"column":4},"end":{"line":74,"column":7}},"25":{"start":{"line":76,"column":4},"end":{"line":76,"column":23}},"26":{"start":{"line":77,"column":4},"end":{"line":81,"column":7}},"27":{"start":{"line":86,"column":34},"end":{"line":102,"column":1}},"28":{"start":{"line":87,"column":2},"end":{"line":101,"column":3}},"29":{"start":{"line":88,"column":21},"end":{"line":88,"column":49}},"30":{"start":{"line":89,"column":4},"end":{"line":93,"column":7}},"31":{"start":{"line":95,"column":4},"end":{"line":95,"column":23}},"32":{"start":{"line":96,"column":4},"end":{"line":100,"column":7}},"33":{"start":{"line":105,"column":40},"end":{"line":134,"column":1}},"34":{"start":{"line":106,"column":2},"end":{"line":133,"column":3}},"35":{"start":{"line":107,"column":21},"end":{"line":107,"column":31}},"36":{"start":{"line":108,"column":4},"end":{"line":113,"column":5}},"37":{"start":{"line":109,"column":6},"end":{"line":112,"column":9}},"38":{"start":{"line":114,"column":21},"end":{"line":114,"column":58}},"39":{"start":{"line":115,"column":4},"end":{"line":120,"column":5}},"40":{"start":{"line":116,"column":6},"end":{"line":119,"column":9}},"41":{"start":{"line":121,"column":4},"end":{"line":125,"column":7}},"42":{"start":{"line":127,"column":4},"end":{"line":127,"column":25}},"43":{"start":{"line":128,"column":4},"end":{"line":132,"column":7}},"44":{"start":{"line":137,"column":40},"end":{"line":167,"column":1}},"45":{"start":{"line":138,"column":2},"end":{"line":166,"column":3}},"46":{"start":{"line":139,"column":19},"end":{"line":139,"column":29}},"47":{"start":{"line":140,"column":4},"end":{"line":145,"column":5}},"48":{"start":{"line":141,"column":6},"end":{"line":144,"column":9}},"49":{"start":{"line":147,"column":28},"end":{"line":147,"column":69}},"50":{"start":{"line":148,"column":4},"end":{"line":153,"column":5}},"51":{"start":{"line":149,"column":6},"end":{"line":152,"column":9}},"52":{"start":{"line":155,"column":4},"end":{"line":158,"column":7}},"53":{"start":{"line":160,"column":4},"end":{"line":160,"column":23}},"54":{"start":{"line":161,"column":4},"end":{"line":165,"column":7}}},"fnMap":{"0":{"name":"(anonymous_0)","decl":{"start":{"line":3,"column":40},"end":{"line":3,"column":41}},"loc":{"start":{"line":3,"column":60},"end":{"line":36,"column":1}},"line":3},"1":{"name":"(anonymous_1)","decl":{"start":{"line":39,"column":40},"end":{"line":39,"column":41}},"loc":{"start":{"line":39,"column":60},"end":{"line":83,"column":1}},"line":39},"2":{"name":"(anonymous_2)","decl":{"start":{"line":86,"column":34},"end":{"line":86,"column":35}},"loc":{"start":{"line":86,"column":54},"end":{"line":102,"column":1}},"line":86},"3":{"name":"(anonymous_3)","decl":{"start":{"line":105,"column":40},"end":{"line":105,"column":41}},"loc":{"start":{"line":105,"column":60},"end":{"line":134,"column":1}},"line":105},"4":{"name":"(anonymous_4)","decl":{"start":{"line":137,"column":40},"end":{"line":137,"column":41}},"loc":{"start":{"line":137,"column":60},"end":{"line":167,"column":1}},"line":137}},"branchMap":{"0":{"loc":{"start":{"line":6,"column":4},"end":{"line":11,"column":5}},"type":"if","locations":[{"start":{"line":6,"column":4},"end":{"line":11,"column":5}},{"start":{},"end":{}}],"line":6},"1":{"loc":{"start":{"line":13,"column":4},"end":{"line":18,"column":5}},"type":"if","locations":[{"start":{"line":13,"column":4},"end":{"line":18,"column":5}},{"start":{},"end":{}}],"line":13},"2":{"loc":{"start":{"line":44,"column":4},"end":{"line":49,"column":5}},"type":"if","locations":[{"start":{"line":44,"column":4},"end":{"line":49,"column":5}},{"start":{},"end":{}}],"line":44},"3":{"loc":{"start":{"line":51,"column":4},"end":{"line":56,"column":5}},"type":"if","locations":[{"start":{"line":51,"column":4},"end":{"line":56,"column":5}},{"start":{},"end":{}}],"line":51},"4":{"loc":{"start":{"line":51,"column":8},"end":{"line":51,"column":63}},"type":"binary-expr","locations":[{"start":{"line":51,"column":8},"end":{"line":51,"column":13}},{"start":{"line":51,"column":17},"end":{"line":51,"column":41}},{"start":{"line":51,"column":45},"end":{"line":51,"column":63}}],"line":51},"5":{"loc":{"start":{"line":59,"column":4},"end":{"line":64,"column":5}},"type":"if","locations":[{"start":{"line":59,"column":4},"end":{"line":64,"column":5}},{"start":{},"end":{}}],"line":59},"6":{"loc":{"start":{"line":108,"column":4},"end":{"line":113,"column":5}},"type":"if","locations":[{"start":{"line":108,"column":4},"end":{"line":113,"column":5}},{"start":{},"end":{}}],"line":108},"7":{"loc":{"start":{"line":115,"column":4},"end":{"line":120,"column":5}},"type":"if","locations":[{"start":{"line":115,"column":4},"end":{"line":120,"column":5}},{"start":{},"end":{}}],"line":115},"8":{"loc":{"start":{"line":140,"column":4},"end":{"line":145,"column":5}},"type":"if","locations":[{"start":{"line":140,"column":4},"end":{"line":145,"column":5}},{"start":{},"end":{}}],"line":140},"9":{"loc":{"start":{"line":148,"column":4},"end":{"line":153,"column":5}},"type":"if","locations":[{"start":{"line":148,"column":4},"end":{"line":153,"column":5}},{"start":{},"end":{}}],"line":148}},"s":{"0":1,"1":4,"2":4,"3":4,"4":1,"5":3,"6":2,"7":1,"8":1,"9":1,"10":1,"11":1,"12":1,"13":8,"14":8,"15":8,"16":8,"17":1,"18":7,"19":4,"20":3,"21":3,"22":1,"23":2,"24":1,"25":1,"26":1,"27":1,"28":3,"29":3,"30":2,"31":1,"32":1,"33":1,"34":4,"35":4,"36":4,"37":1,"38":3,"39":2,"40":1,"41":1,"42":1,"43":1,"44":1,"45":4,"46":4,"47":4,"48":1,"49":3,"50":2,"51":1,"52":1,"53":1,"54":1},"f":{"0":4,"1":8,"2":3,"3":4,"4":4},"b":{"0":[1,3],"1":[1,1],"2":[1,7],"3":[4,3],"4":[7,5,4],"5":[1,2],"6":[1,3],"7":[1,1],"8":[1,3],"9":[1,1]},"inputSourceMap":null,"_coverageSchema":"1a1c01bbd47fc00a2c39e90264f33305004495a9","hash":"0d4e4475ecbf29908df52b3200a9ea1db2c7d2f7"}
,"C:\\Users\\ASUS\\Desktop\\CS4218\\cs4218-2420-ecom-project-team33\\controllers\\productController.js": {"path":"C:\\Users\\ASUS\\Desktop\\CS4218\\cs4218-2420-ecom-project-team33\\controllers\\productController.js","statementMap":{"0":{"start":{"line":10,"column":0},"end":{"line":10,"column":16}},"1":{"start":{"line":13,"column":14},"end":{"line":18,"column":2}},"2":{"start":{"line":20,"column":39},"end":{"line":62,"column":1}},"3":{"start":{"line":21,"column":2},"end":{"line":61,"column":3}},"4":{"start":{"line":23,"column":6},"end":{"line":23,"column":16}},"5":{"start":{"line":24,"column":22},"end":{"line":24,"column":31}},"6":{"start":{"line":26,"column":4},"end":{"line":41,"column":5}},"7":{"start":{"line":28,"column":8},"end":{"line":28,"column":67}},"8":{"start":{"line":30,"column":8},"end":{"line":30,"column":74}},"9":{"start":{"line":32,"column":8},"end":{"line":32,"column":68}},"10":{"start":{"line":34,"column":8},"end":{"line":34,"column":71}},"11":{"start":{"line":36,"column":8},"end":{"line":36,"column":71}},"12":{"start":{"line":38,"column":8},"end":{"line":40,"column":60}},"13":{"start":{"line":43,"column":21},"end":{"line":43,"column":77}},"14":{"start":{"line":44,"column":4},"end":{"line":47,"column":5}},"15":{"start":{"line":45,"column":6},"end":{"line":45,"column":56}},"16":{"start":{"line":46,"column":6},"end":{"line":46,"column":46}},"17":{"start":{"line":48,"column":4},"end":{"line":48,"column":26}},"18":{"start":{"line":49,"column":4},"end":{"line":53,"column":7}},"19":{"start":{"line":55,"column":4},"end":{"line":55,"column":23}},"20":{"start":{"line":56,"column":4},"end":{"line":60,"column":7}},"21":{"start":{"line":65,"column":36},"end":{"line":87,"column":1}},"22":{"start":{"line":66,"column":2},"end":{"line":86,"column":3}},"23":{"start":{"line":67,"column":21},"end":{"line":72,"column":30}},"24":{"start":{"line":73,"column":4},"end":{"line":78,"column":7}},"25":{"start":{"line":80,"column":4},"end":{"line":80,"column":23}},"26":{"start":{"line":81,"column":4},"end":{"line":85,"column":7}},"27":{"start":{"line":90,"column":42},"end":{"line":109,"column":1}},"28":{"start":{"line":91,"column":2},"end":{"line":108,"column":3}},"29":{"start":{"line":92,"column":20},"end":{"line":95,"column":27}},"30":{"start":{"line":96,"column":4},"end":{"line":100,"column":7}},"31":{"start":{"line":102,"column":4},"end":{"line":102,"column":23}},"32":{"start":{"line":103,"column":4},"end":{"line":107,"column":7}},"33":{"start":{"line":112,"column":38},"end":{"line":141,"column":1}},"34":{"start":{"line":113,"column":2},"end":{"line":140,"column":3}},"35":{"start":{"line":114,"column":20},"end":{"line":114,"column":79}},"36":{"start":{"line":116,"column":4},"end":{"line":121,"column":5}},"37":{"start":{"line":117,"column":6},"end":{"line":120,"column":9}},"38":{"start":{"line":123,"column":4},"end":{"line":128,"column":5}},"39":{"start":{"line":124,"column":6},"end":{"line":127,"column":9}},"40":{"start":{"line":130,"column":4},"end":{"line":130,"column":55}},"41":{"start":{"line":131,"column":4},"end":{"line":131,"column":52}},"42":{"start":{"line":133,"column":4},"end":{"line":133,"column":23}},"43":{"start":{"line":135,"column":4},"end":{"line":139,"column":7}},"44":{"start":{"line":144,"column":39},"end":{"line":159,"column":1}},"45":{"start":{"line":145,"column":2},"end":{"line":158,"column":3}},"46":{"start":{"line":146,"column":4},"end":{"line":146,"column":74}},"47":{"start":{"line":147,"column":4},"end":{"line":150,"column":7}},"48":{"start":{"line":152,"column":4},"end":{"line":152,"column":23}},"49":{"start":{"line":153,"column":4},"end":{"line":157,"column":7}},"50":{"start":{"line":162,"column":39},"end":{"line":208,"column":1}},"51":{"start":{"line":163,"column":2},"end":{"line":207,"column":3}},"52":{"start":{"line":165,"column":6},"end":{"line":165,"column":16}},"53":{"start":{"line":166,"column":22},"end":{"line":166,"column":31}},"54":{"start":{"line":168,"column":4},"end":{"line":183,"column":5}},"55":{"start":{"line":170,"column":8},"end":{"line":170,"column":67}},"56":{"start":{"line":172,"column":8},"end":{"line":172,"column":74}},"57":{"start":{"line":174,"column":8},"end":{"line":174,"column":68}},"58":{"start":{"line":176,"column":8},"end":{"line":176,"column":71}},"59":{"start":{"line":178,"column":8},"end":{"line":178,"column":71}},"60":{"start":{"line":180,"column":8},"end":{"line":182,"column":76}},"61":{"start":{"line":185,"column":21},"end":{"line":189,"column":5}},"62":{"start":{"line":190,"column":4},"end":{"line":193,"column":5}},"63":{"start":{"line":191,"column":6},"end":{"line":191,"column":56}},"64":{"start":{"line":192,"column":6},"end":{"line":192,"column":46}},"65":{"start":{"line":194,"column":4},"end":{"line":194,"column":26}},"66":{"start":{"line":195,"column":4},"end":{"line":199,"column":7}},"67":{"start":{"line":201,"column":4},"end":{"line":201,"column":23}},"68":{"start":{"line":202,"column":4},"end":{"line":206,"column":7}},"69":{"start":{"line":211,"column":40},"end":{"line":230,"column":1}},"70":{"start":{"line":212,"column":2},"end":{"line":229,"column":3}},"71":{"start":{"line":213,"column":31},"end":{"line":213,"column":39}},"72":{"start":{"line":214,"column":15},"end":{"line":214,"column":17}},"73":{"start":{"line":215,"column":4},"end":{"line":215,"column":52}},"74":{"start":{"line":215,"column":28},"end":{"line":215,"column":52}},"75":{"start":{"line":216,"column":4},"end":{"line":216,"column":70}},"76":{"start":{"line":216,"column":22},"end":{"line":216,"column":70}},"77":{"start":{"line":217,"column":21},"end":{"line":217,"column":50}},"78":{"start":{"line":218,"column":4},"end":{"line":221,"column":7}},"79":{"start":{"line":223,"column":4},"end":{"line":223,"column":23}},"80":{"start":{"line":224,"column":4},"end":{"line":228,"column":7}},"81":{"start":{"line":233,"column":38},"end":{"line":248,"column":1}},"82":{"start":{"line":234,"column":2},"end":{"line":247,"column":3}},"83":{"start":{"line":235,"column":18},"end":{"line":235,"column":70}},"84":{"start":{"line":236,"column":4},"end":{"line":239,"column":7}},"85":{"start":{"line":241,"column":4},"end":{"line":241,"column":23}},"86":{"start":{"line":242,"column":4},"end":{"line":246,"column":7}},"87":{"start":{"line":251,"column":37},"end":{"line":273,"column":1}},"88":{"start":{"line":252,"column":2},"end":{"line":272,"column":3}},"89":{"start":{"line":253,"column":20},"end":{"line":253,"column":21}},"90":{"start":{"line":254,"column":17},"end":{"line":254,"column":54}},"91":{"start":{"line":255,"column":21},"end":{"line":260,"column":30}},"92":{"start":{"line":261,"column":4},"end":{"line":264,"column":7}},"93":{"start":{"line":266,"column":4},"end":{"line":266,"column":23}},"94":{"start":{"line":267,"column":4},"end":{"line":271,"column":7}},"95":{"start":{"line":276,"column":39},"end":{"line":297,"column":1}},"96":{"start":{"line":277,"column":2},"end":{"line":296,"column":3}},"97":{"start":{"line":278,"column":24},"end":{"line":278,"column":34}},"98":{"start":{"line":279,"column":20},"end":{"line":286,"column":23}},"99":{"start":{"line":288,"column":6},"end":{"line":288,"column":36}},"100":{"start":{"line":290,"column":4},"end":{"line":290,"column":23}},"101":{"start":{"line":291,"column":4},"end":{"line":295,"column":7}},"102":{"start":{"line":300,"column":40},"end":{"line":338,"column":1}},"103":{"start":{"line":301,"column":2},"end":{"line":337,"column":3}},"104":{"start":{"line":302,"column":25},"end":{"line":302,"column":35}},"105":{"start":{"line":304,"column":4},"end":{"line":309,"column":5}},"106":{"start":{"line":305,"column":6},"end":{"line":308,"column":9}},"107":{"start":{"line":311,"column":4},"end":{"line":316,"column":5}},"108":{"start":{"line":312,"column":6},"end":{"line":315,"column":9}},"109":{"start":{"line":318,"column":21},"end":{"line":325,"column":27}},"110":{"start":{"line":326,"column":4},"end":{"line":329,"column":7}},"111":{"start":{"line":331,"column":4},"end":{"line":331,"column":23}},"112":{"start":{"line":332,"column":4},"end":{"line":336,"column":7}},"113":{"start":{"line":341,"column":41},"end":{"line":358,"column":1}},"114":{"start":{"line":342,"column":2},"end":{"line":357,"column":3}},"115":{"start":{"line":343,"column":21},"end":{"line":343,"column":75}},"116":{"start":{"line":344,"column":21},"end":{"line":344,"column":79}},"117":{"start":{"line":345,"column":4},"end":{"line":349,"column":7}},"118":{"start":{"line":351,"column":4},"end":{"line":351,"column":23}},"119":{"start":{"line":352,"column":4},"end":{"line":356,"column":7}},"120":{"start":{"line":362,"column":40},"end":{"line":379,"column":1}},"121":{"start":{"line":363,"column":2},"end":{"line":378,"column":3}},"122":{"start":{"line":364,"column":4},"end":{"line":370,"column":7}},"123":{"start":{"line":365,"column":6},"end":{"line":369,"column":7}},"124":{"start":{"line":366,"column":8},"end":{"line":366,"column":34}},"125":{"start":{"line":368,"column":8},"end":{"line":368,"column":27}},"126":{"start":{"line":372,"column":4},"end":{"line":372,"column":23}},"127":{"start":{"line":373,"column":4},"end":{"line":377,"column":7}},"128":{"start":{"line":382,"column":42},"end":{"line":418,"column":1}},"129":{"start":{"line":383,"column":2},"end":{"line":417,"column":3}},"130":{"start":{"line":384,"column":28},"end":{"line":384,"column":36}},"131":{"start":{"line":385,"column":16},"end":{"line":385,"column":17}},"132":{"start":{"line":386,"column":4},"end":{"line":388,"column":7}},"133":{"start":{"line":387,"column":6},"end":{"line":387,"column":23}},"134":{"start":{"line":389,"column":25},"end":{"line":409,"column":5}},"135":{"start":{"line":398,"column":8},"end":{"line":407,"column":9}},"136":{"start":{"line":399,"column":24},"end":{"line":403,"column":19}},"137":{"start":{"line":404,"column":10},"end":{"line":404,"column":33}},"138":{"start":{"line":406,"column":10},"end":{"line":406,"column":38}},"139":{"start":{"line":411,"column":4},"end":{"line":411,"column":23}},"140":{"start":{"line":412,"column":4},"end":{"line":416,"column":7}}},"fnMap":{"0":{"name":"(anonymous_0)","decl":{"start":{"line":20,"column":39},"end":{"line":20,"column":40}},"loc":{"start":{"line":20,"column":59},"end":{"line":62,"column":1}},"line":20},"1":{"name":"(anonymous_1)","decl":{"start":{"line":65,"column":36},"end":{"line":65,"column":37}},"loc":{"start":{"line":65,"column":56},"end":{"line":87,"column":1}},"line":65},"2":{"name":"(anonymous_2)","decl":{"start":{"line":90,"column":42},"end":{"line":90,"column":43}},"loc":{"start":{"line":90,"column":62},"end":{"line":109,"column":1}},"line":90},"3":{"name":"(anonymous_3)","decl":{"start":{"line":112,"column":38},"end":{"line":112,"column":39}},"loc":{"start":{"line":112,"column":58},"end":{"line":141,"column":1}},"line":112},"4":{"name":"(anonymous_4)","decl":{"start":{"line":144,"column":39},"end":{"line":144,"column":40}},"loc":{"start":{"line":144,"column":59},"end":{"line":159,"column":1}},"line":144},"5":{"name":"(anonymous_5)","decl":{"start":{"line":162,"column":39},"end":{"line":162,"column":40}},"loc":{"start":{"line":162,"column":59},"end":{"line":208,"column":1}},"line":162},"6":{"name":"(anonymous_6)","decl":{"start":{"line":211,"column":40},"end":{"line":211,"column":41}},"loc":{"start":{"line":211,"column":60},"end":{"line":230,"column":1}},"line":211},"7":{"name":"(anonymous_7)","decl":{"start":{"line":233,"column":38},"end":{"line":233,"column":39}},"loc":{"start":{"line":233,"column":58},"end":{"line":248,"column":1}},"line":233},"8":{"name":"(anonymous_8)","decl":{"start":{"line":251,"column":37},"end":{"line":251,"column":38}},"loc":{"start":{"line":251,"column":57},"end":{"line":273,"column":1}},"line":251},"9":{"name":"(anonymous_9)","decl":{"start":{"line":276,"column":39},"end":{"line":276,"column":40}},"loc":{"start":{"line":276,"column":59},"end":{"line":297,"column":1}},"line":276},"10":{"name":"(anonymous_10)","decl":{"start":{"line":300,"column":40},"end":{"line":300,"column":41}},"loc":{"start":{"line":300,"column":60},"end":{"line":338,"column":1}},"line":300},"11":{"name":"(anonymous_11)","decl":{"start":{"line":341,"column":41},"end":{"line":341,"column":42}},"loc":{"start":{"line":341,"column":61},"end":{"line":358,"column":1}},"line":341},"12":{"name":"(anonymous_12)","decl":{"start":{"line":362,"column":40},"end":{"line":362,"column":41}},"loc":{"start":{"line":362,"column":60},"end":{"line":379,"column":1}},"line":362},"13":{"name":"(anonymous_13)","decl":{"start":{"line":364,"column":37},"end":{"line":364,"column":38}},"loc":{"start":{"line":364,"column":62},"end":{"line":370,"column":5}},"line":364},"14":{"name":"(anonymous_14)","decl":{"start":{"line":382,"column":42},"end":{"line":382,"column":43}},"loc":{"start":{"line":382,"column":62},"end":{"line":418,"column":1}},"line":382},"15":{"name":"(anonymous_15)","decl":{"start":{"line":386,"column":13},"end":{"line":386,"column":14}},"loc":{"start":{"line":386,"column":20},"end":{"line":388,"column":5}},"line":386},"16":{"name":"(anonymous_16)","decl":{"start":{"line":397,"column":6},"end":{"line":397,"column":7}},"loc":{"start":{"line":397,"column":31},"end":{"line":408,"column":7}},"line":397}},"branchMap":{"0":{"loc":{"start":{"line":26,"column":4},"end":{"line":41,"column":5}},"type":"switch","locations":[{"start":{"line":27,"column":6},"end":{"line":28,"column":67}},{"start":{"line":29,"column":6},"end":{"line":30,"column":74}},{"start":{"line":31,"column":6},"end":{"line":32,"column":68}},{"start":{"line":33,"column":6},"end":{"line":34,"column":71}},{"start":{"line":35,"column":6},"end":{"line":36,"column":71}},{"start":{"line":37,"column":6},"end":{"line":40,"column":60}}],"line":26},"1":{"loc":{"start":{"line":37,"column":11},"end":{"line":37,"column":41}},"type":"binary-expr","locations":[{"start":{"line":37,"column":11},"end":{"line":37,"column":16}},{"start":{"line":37,"column":20},"end":{"line":37,"column":41}}],"line":37},"2":{"loc":{"start":{"line":44,"column":4},"end":{"line":47,"column":5}},"type":"if","locations":[{"start":{"line":44,"column":4},"end":{"line":47,"column":5}},{"start":{},"end":{}}],"line":44},"3":{"loc":{"start":{"line":116,"column":4},"end":{"line":121,"column":5}},"type":"if","locations":[{"start":{"line":116,"column":4},"end":{"line":121,"column":5}},{"start":{},"end":{}}],"line":116},"4":{"loc":{"start":{"line":123,"column":4},"end":{"line":128,"column":5}},"type":"if","locations":[{"start":{"line":123,"column":4},"end":{"line":128,"column":5}},{"start":{},"end":{}}],"line":123},"5":{"loc":{"start":{"line":123,"column":8},"end":{"line":123,"column":75}},"type":"binary-expr","locations":[{"start":{"line":123,"column":8},"end":{"line":123,"column":22}},{"start":{"line":123,"column":26},"end":{"line":123,"column":45}},{"start":{"line":123,"column":49},"end":{"line":123,"column":75}}],"line":123},"6":{"loc":{"start":{"line":168,"column":4},"end":{"line":183,"column":5}},"type":"switch","locations":[{"start":{"line":169,"column":6},"end":{"line":170,"column":67}},{"start":{"line":171,"column":6},"end":{"line":172,"column":74}},{"start":{"line":173,"column":6},"end":{"line":174,"column":68}},{"start":{"line":175,"column":6},"end":{"line":176,"column":71}},{"start":{"line":177,"column":6},"end":{"line":178,"column":71}},{"start":{"line":179,"column":6},"end":{"line":182,"column":76}}],"line":168},"7":{"loc":{"start":{"line":179,"column":11},"end":{"line":179,"column":41}},"type":"binary-expr","locations":[{"start":{"line":179,"column":11},"end":{"line":179,"column":16}},{"start":{"line":179,"column":20},"end":{"line":179,"column":41}}],"line":179},"8":{"loc":{"start":{"line":190,"column":4},"end":{"line":193,"column":5}},"type":"if","locations":[{"start":{"line":190,"column":4},"end":{"line":193,"column":5}},{"start":{},"end":{}}],"line":190},"9":{"loc":{"start":{"line":215,"column":4},"end":{"line":215,"column":52}},"type":"if","locations":[{"start":{"line":215,"column":4},"end":{"line":215,"column":52}},{"start":{},"end":{}}],"line":215},"10":{"loc":{"start":{"line":216,"column":4},"end":{"line":216,"column":70}},"type":"if","locations":[{"start":{"line":216,"column":4},"end":{"line":216,"column":70}},{"start":{},"end":{}}],"line":216},"11":{"loc":{"start":{"line":254,"column":17},"end":{"line":254,"column":54}},"type":"cond-expr","locations":[{"start":{"line":254,"column":35},"end":{"line":254,"column":50}},{"start":{"line":254,"column":53},"end":{"line":254,"column":54}}],"line":254},"12":{"loc":{"start":{"line":304,"column":4},"end":{"line":309,"column":5}},"type":"if","locations":[{"start":{"line":304,"column":4},"end":{"line":309,"column":5}},{"start":{},"end":{}}],"line":304},"13":{"loc":{"start":{"line":311,"column":4},"end":{"line":316,"column":5}},"type":"if","locations":[{"start":{"line":311,"column":4},"end":{"line":316,"column":5}},{"start":{},"end":{}}],"line":311},"14":{"loc":{"start":{"line":365,"column":6},"end":{"line":369,"column":7}},"type":"if","locations":[{"start":{"line":365,"column":6},"end":{"line":369,"column":7}},{"start":{"line":367,"column":13},"end":{"line":369,"column":7}}],"line":365},"15":{"loc":{"start":{"line":398,"column":8},"end":{"line":407,"column":9}},"type":"if","locations":[{"start":{"line":398,"column":8},"end":{"line":407,"column":9}},{"start":{"line":405,"column":15},"end":{"line":407,"column":9}}],"line":398}},"s":{"0":1,"1":1,"2":1,"3":8,"4":8,"5":8,"6":8,"7":1,"8":1,"9":1,"10":1,"11":1,"12":1,"13":2,"14":2,"15":2,"16":2,"17":2,"18":1,"19":1,"20":1,"21":1,"22":2,"23":2,"24":1,"25":1,"26":1,"27":1,"28":2,"29":2,"30":1,"31":1,"32":1,"33":1,"34":4,"35":4,"36":3,"37":1,"38":2,"39":1,"40":1,"41":1,"42":1,"43":1,"44":1,"45":2,"46":2,"47":1,"48":1,"49":1,"50":1,"51":12,"52":12,"53":12,"54":12,"55":5,"56":1,"57":1,"58":1,"59":1,"60":1,"61":2,"62":2,"63":2,"64":2,"65":2,"66":1,"67":1,"68":1,"69":1,"70":3,"71":3,"72":3,"73":3,"74":1,"75":3,"76":1,"77":3,"78":2,"79":1,"80":1,"81":1,"82":2,"83":2,"84":1,"85":1,"86":1,"87":1,"88":3,"89":3,"90":3,"91":3,"92":2,"93":1,"94":1,"95":1,"96":2,"97":2,"98":2,"99":1,"100":1,"101":1,"102":1,"103":4,"104":4,"105":4,"106":1,"107":3,"108":1,"109":2,"110":1,"111":1,"112":1,"113":1,"114":4,"115":4,"116":3,"117":3,"118":1,"119":1,"120":1,"121":0,"122":0,"123":0,"124":0,"125":0,"126":0,"127":0,"128":1,"129":0,"130":0,"131":0,"132":0,"133":0,"134":0,"135":0,"136":0,"137":0,"138":0,"139":0,"140":0},"f":{"0":8,"1":2,"2":2,"3":4,"4":2,"5":12,"6":3,"7":2,"8":3,"9":2,"10":4,"11":4,"12":0,"13":0,"14":0,"15":0,"16":0},"b":{"0":[1,1,1,1,1,1],"1":[3,3],"2":[2,0],"3":[1,2],"4":[1,1],"5":[2,2,1],"6":[5,1,1,1,1,1],"7":[3,3],"8":[2,0],"9":[1,2],"10":[1,2],"11":[1,2],"12":[1,3],"13":[1,2],"14":[0,0],"15":[0,0]},"inputSourceMap":null,"_coverageSchema":"1a1c01bbd47fc00a2c39e90264f33305004495a9","hash":"f525f108056c3afc424701158d6d10b1e05cc36e"}
}
