TN:
SF:controllers\authController.js
FN:7,(anonymous_0)
FN:66,(anonymous_1)
FN:120,(anonymous_2)
FN:158,(anonymous_3)
FN:168,(anonymous_4)
FN:203,(anonymous_5)
FN:220,(anonymous_6)
FN:239,(anonymous_7)
FNF:8
FNH:1
FNDA:1,(anonymous_0)
FNDA:0,(anonymous_1)
FNDA:0,(anonymous_2)
FNDA:0,(anonymous_3)
FNDA:0,(anonymous_4)
FNDA:0,(anonymous_5)
FNDA:0,(anonymous_6)
FNDA:0,(anonymous_7)
DA:7,1
DA:8,1
DA:9,1
DA:11,1
DA:12,0
DA:14,1
DA:15,0
DA:17,1
DA:18,0
DA:20,1
DA:21,0
DA:23,1
DA:24,0
DA:26,1
DA:27,0
DA:30,1
DA:32,1
DA:33,0
DA:39,1
DA:41,1
DA:50,1
DA:56,0
DA:57,0
DA:66,1
DA:67,0
DA:68,0
DA:70,0
DA:71,0
DA:77,0
DA:78,0
DA:79,0
DA:84,0
DA:85,0
DA:86,0
DA:92,0
DA:95,0
DA:109,0
DA:110,0
DA:120,1
DA:121,0
DA:122,0
DA:123,0
DA:124,0
DA:126,0
DA:127,0
DA:129,0
DA:130,0
DA:133,0
DA:135,0
DA:136,0
DA:141,0
DA:142,0
DA:143,0
DA:148,0
DA:149,0
DA:158,1
DA:159,0
DA:160,0
DA:162,0
DA:163,0
DA:168,1
DA:169,0
DA:170,0
DA:171,0
DA:173,0
DA:174,0
DA:176,0
DA:177,0
DA:187,0
DA:193,0
DA:194,0
DA:203,1
DA:204,0
DA:205,0
DA:209,0
DA:211,0
DA:212,0
DA:220,1
DA:221,0
DA:222,0
DA:227,0
DA:229,0
DA:230,0
DA:239,1
DA:240,0
DA:241,0
DA:242,0
DA:243,0
DA:248,0
DA:250,0
DA:251,0
LF:91
LH:21
BRDA:11,0,0,0
BRDA:11,0,1,1
BRDA:14,1,0,0
BRDA:14,1,1,1
BRDA:17,2,0,0
BRDA:17,2,1,1
BRDA:20,3,0,0
BRDA:20,3,1,1
BRDA:23,4,0,0
BRDA:23,4,1,1
BRDA:26,5,0,0
BRDA:26,5,1,1
BRDA:32,6,0,0
BRDA:32,6,1,1
BRDA:70,7,0,0
BRDA:70,7,1,0
BRDA:70,8,0,0
BRDA:70,8,1,0
BRDA:78,9,0,0
BRDA:78,9,1,0
BRDA:85,10,0,0
BRDA:85,10,1,0
BRDA:123,11,0,0
BRDA:123,11,1,0
BRDA:126,12,0,0
BRDA:126,12,1,0
BRDA:129,13,0,0
BRDA:129,13,1,0
BRDA:135,14,0,0
BRDA:135,14,1,0
BRDA:173,15,0,0
BRDA:173,15,1,0
BRDA:173,16,0,0
BRDA:173,16,1,0
BRDA:176,17,0,0
BRDA:176,17,1,0
BRDA:180,18,0,0
BRDA:180,18,1,0
BRDA:181,19,0,0
BRDA:181,19,1,0
BRDA:182,20,0,0
BRDA:182,20,1,0
BRDA:183,21,0,0
BRDA:183,21,1,0
BRF:44
BRH:7
end_of_record
TN:
SF:controllers\categoryController.js
FN:3,(anonymous_0)
FN:39,(anonymous_1)
FN:86,(anonymous_2)
FN:105,(anonymous_3)
FN:137,(anonymous_4)
FNF:5
FNH:5
FNDA:4,(anonymous_0)
FNDA:8,(anonymous_1)
FNDA:3,(anonymous_2)
FNDA:4,(anonymous_3)
FNDA:4,(anonymous_4)
DA:3,1
DA:4,4
DA:5,4
DA:6,4
DA:7,1
DA:12,3
DA:13,2
DA:14,1
DA:19,1
DA:23,1
DA:29,1
DA:30,1
DA:39,1
DA:40,8
DA:41,8
DA:42,8
DA:44,8
DA:45,1
DA:51,7
DA:52,4
DA:58,3
DA:59,3
DA:60,1
DA:65,2
DA:70,1
DA:76,1
DA:77,1
DA:86,1
DA:87,3
DA:88,3
DA:89,2
DA:95,1
DA:96,1
DA:105,1
DA:106,4
DA:107,4
DA:108,4
DA:109,1
DA:114,3
DA:115,2
DA:116,1
DA:121,1
DA:127,1
DA:128,1
DA:137,1
DA:138,4
DA:139,4
DA:140,4
DA:141,1
DA:147,3
DA:148,2
DA:149,1
DA:155,1
DA:160,1
DA:161,1
LF:55
LH:55
BRDA:6,0,0,1
BRDA:6,0,1,3
BRDA:13,1,0,1
BRDA:13,1,1,1
BRDA:44,2,0,1
BRDA:44,2,1,7
BRDA:51,3,0,4
BRDA:51,3,1,3
BRDA:51,4,0,7
BRDA:51,4,1,5
BRDA:51,4,2,4
BRDA:59,5,0,1
BRDA:59,5,1,2
BRDA:108,6,0,1
BRDA:108,6,1,3
BRDA:115,7,0,1
BRDA:115,7,1,1
BRDA:140,8,0,1
BRDA:140,8,1,3
BRDA:148,9,0,1
BRDA:148,9,1,1
BRF:21
BRH:21
end_of_record
TN:
SF:controllers\productController.js
FN:20,(anonymous_0)
FN:65,(anonymous_1)
FN:90,(anonymous_2)
FN:112,(anonymous_3)
FN:144,(anonymous_4)
FN:162,(anonymous_5)
FN:211,(anonymous_6)
FN:233,(anonymous_7)
FN:251,(anonymous_8)
FN:276,(anonymous_9)
FN:300,(anonymous_10)
FN:341,(anonymous_11)
FN:362,(anonymous_12)
FN:364,(anonymous_13)
FN:382,(anonymous_14)
FN:386,(anonymous_15)
FN:397,(anonymous_16)
FNF:17
FNH:12
FNDA:8,(anonymous_0)
FNDA:2,(anonymous_1)
FNDA:2,(anonymous_2)
FNDA:4,(anonymous_3)
FNDA:2,(anonymous_4)
FNDA:12,(anonymous_5)
FNDA:3,(anonymous_6)
FNDA:2,(anonymous_7)
FNDA:3,(anonymous_8)
FNDA:2,(anonymous_9)
FNDA:4,(anonymous_10)
FNDA:4,(anonymous_11)
FNDA:0,(anonymous_12)
FNDA:0,(anonymous_13)
FNDA:0,(anonymous_14)
FNDA:0,(anonymous_15)
FNDA:0,(anonymous_16)
DA:10,1
DA:13,1
DA:20,1
DA:21,8
DA:23,8
DA:24,8
DA:26,8
DA:28,1
DA:30,1
DA:32,1
DA:34,1
DA:36,1
DA:38,1
DA:43,2
DA:44,2
DA:45,2
DA:46,2
DA:48,2
DA:49,1
DA:55,1
DA:56,1
DA:65,1
DA:66,2
DA:67,2
DA:73,1
DA:80,1
DA:81,1
DA:90,1
DA:91,2
DA:92,2
DA:96,1
DA:102,1
DA:103,1
DA:112,1
DA:113,4
DA:114,4
DA:116,3
DA:117,1
DA:123,2
DA:124,1
DA:130,1
DA:131,1
DA:133,1
DA:135,1
DA:144,1
DA:145,2
DA:146,2
DA:147,1
DA:152,1
DA:153,1
DA:162,1
DA:163,12
DA:165,12
DA:166,12
DA:168,12
DA:170,5
DA:172,1
DA:174,1
DA:176,1
DA:178,1
DA:180,1
DA:185,2
DA:190,2
DA:191,2
DA:192,2
DA:194,2
DA:195,1
DA:201,1
DA:202,1
DA:211,1
DA:212,3
DA:213,3
DA:214,3
DA:215,3
DA:216,3
DA:217,3
DA:218,2
DA:223,1
DA:224,1
DA:233,1
DA:234,2
DA:235,2
DA:236,1
DA:241,1
DA:242,1
DA:251,1
DA:252,3
DA:253,3
DA:254,3
DA:255,3
DA:261,2
DA:266,1
DA:267,1
DA:276,1
DA:277,2
DA:278,2
DA:279,2
DA:288,1
DA:290,1
DA:291,1
DA:300,1
DA:301,4
DA:302,4
DA:304,4
DA:305,1
DA:311,3
DA:312,1
DA:318,2
DA:326,1
DA:331,1
DA:332,1
DA:341,1
DA:342,4
DA:343,4
DA:344,3
DA:345,3
DA:351,1
DA:352,1
DA:362,1
DA:363,0
DA:364,0
DA:365,0
DA:366,0
DA:368,0
DA:372,0
DA:373,0
DA:382,1
DA:383,0
DA:384,0
DA:385,0
DA:386,0
DA:387,0
DA:389,0
DA:398,0
DA:399,0
DA:404,0
DA:406,0
DA:411,0
DA:412,0
LF:139
LH:120
BRDA:26,0,0,1
BRDA:26,0,1,1
BRDA:26,0,2,1
BRDA:26,0,3,1
BRDA:26,0,4,1
BRDA:26,0,5,1
BRDA:37,1,0,3
BRDA:37,1,1,3
BRDA:44,2,0,2
BRDA:44,2,1,0
BRDA:116,3,0,1
BRDA:116,3,1,2
BRDA:123,4,0,1
BRDA:123,4,1,1
BRDA:123,5,0,2
BRDA:123,5,1,2
BRDA:123,5,2,1
BRDA:168,6,0,5
BRDA:168,6,1,1
BRDA:168,6,2,1
BRDA:168,6,3,1
BRDA:168,6,4,1
BRDA:168,6,5,1
BRDA:179,7,0,3
BRDA:179,7,1,3
BRDA:190,8,0,2
BRDA:190,8,1,0
BRDA:215,9,0,1
BRDA:215,9,1,2
BRDA:216,10,0,1
BRDA:216,10,1,2
BRDA:254,11,0,1
BRDA:254,11,1,2
BRDA:304,12,0,1
BRDA:304,12,1,3
BRDA:311,13,0,1
BRDA:311,13,1,2
BRDA:365,14,0,0
BRDA:365,14,1,0
BRDA:398,15,0,0
BRDA:398,15,1,0
BRF:41
BRH:35
end_of_record
