TN:
SF:client\src\components\AdminMenu.js
FN:3,(anonymous_0)
FNF:1
FNH:0
FNDA:0,(anonymous_0)
DA:3,0
DA:4,0
LF:2
LH:0
BRF:0
BRH:0
end_of_record
TN:
SF:client\src\components\Form\CategoryForm.js
FN:3,(anonymous_0)
FN:14,(anonymous_1)
FNF:2
FNH:1
FNDA:5,(anonymous_0)
FNDA:0,(anonymous_1)
DA:3,1
DA:4,5
DA:14,0
LF:3
LH:2
BRF:0
BRH:0
end_of_record
TN:
SF:client\src\pages\About.js
FN:4,(anonymous_0)
FNF:1
FNH:1
FNDA:4,(anonymous_0)
DA:4,1
DA:5,4
LF:2
LH:2
BRF:0
BRH:0
end_of_record
TN:
SF:client\src\pages\Contact.js
FN:4,(anonymous_0)
FNF:1
FNH:1
FNDA:8,(anonymous_0)
DA:4,1
DA:5,8
LF:2
LH:2
BRF:0
BRH:0
end_of_record
TN:
SF:client\src\pages\HomePage.js
FN:12,(anonymous_0)
FN:24,(anonymous_1)
FN:35,(anonymous_2)
FN:40,(anonymous_3)
FN:53,(anonymous_4)
FN:62,(anonymous_5)
FN:67,(anonymous_6)
FN:80,(anonymous_7)
FN:85,(anonymous_8)
FN:89,(anonymous_9)
FN:93,(anonymous_10)
FN:98,(anonymous_11)
FN:123,(anonymous_12)
FN:126,(anonymous_13)
FN:135,(anonymous_14)
FN:136,(anonymous_15)
FN:146,(anonymous_16)
FN:155,(anonymous_17)
FN:178,(anonymous_18)
FN:184,(anonymous_19)
FN:204,(anonymous_20)
FNF:21
FNH:19
FNDA:33,(anonymous_0)
FNDA:10,(anonymous_1)
FNDA:10,(anonymous_2)
FNDA:11,(anonymous_3)
FNDA:10,(anonymous_4)
FNDA:11,(anonymous_5)
FNDA:1,(anonymous_6)
FNDA:1,(anonymous_7)
FNDA:0,(anonymous_8)
FNDA:11,(anonymous_9)
FNDA:11,(anonymous_10)
FNDA:1,(anonymous_11)
FNDA:24,(anonymous_12)
FNDA:1,(anonymous_13)
FNDA:0,(anonymous_14)
FNDA:192,(anonymous_15)
FNDA:1,(anonymous_16)
FNDA:24,(anonymous_17)
FNDA:1,(anonymous_18)
FNDA:1,(anonymous_19)
FNDA:1,(anonymous_20)
DA:12,1
DA:13,33
DA:14,33
DA:15,33
DA:16,32
DA:17,32
DA:18,32
DA:19,32
DA:20,32
DA:21,32
DA:24,32
DA:25,10
DA:26,10
DA:27,10
DA:28,10
DA:31,0
DA:35,32
DA:36,10
DA:37,10
DA:40,32
DA:41,11
DA:42,11
DA:43,11
DA:44,11
DA:45,11
DA:47,0
DA:48,0
DA:53,32
DA:54,10
DA:55,10
DA:56,10
DA:58,0
DA:62,32
DA:63,11
DA:64,1
DA:67,32
DA:68,1
DA:69,1
DA:70,1
DA:71,1
DA:72,1
DA:74,0
DA:75,0
DA:80,32
DA:81,1
DA:82,1
DA:83,1
DA:85,0
DA:87,1
DA:89,32
DA:90,11
DA:93,32
DA:94,11
DA:98,32
DA:99,1
DA:100,1
DA:104,1
DA:106,0
DA:109,32
DA:124,24
DA:126,1
DA:135,0
DA:137,192
DA:146,1
DA:156,24
DA:178,1
DA:185,1
DA:186,1
DA:190,1
DA:205,1
DA:206,1
LF:71
LH:62
BRDA:27,0,0,10
BRDA:27,0,1,0
BRDA:63,1,0,10
BRDA:63,1,1,1
BRDA:82,2,0,1
BRDA:82,2,1,0
BRDA:90,3,0,11
BRDA:90,3,1,0
BRDA:90,4,0,11
BRDA:90,4,1,1
BRDA:94,5,0,1
BRDA:94,5,1,10
BRDA:94,6,0,11
BRDA:94,6,1,10
BRDA:201,7,0,32
BRDA:201,7,1,32
BRDA:201,7,2,12
BRDA:209,8,0,2
BRDA:209,8,1,10
BRF:19
BRH:16
end_of_record
TN:
SF:client\src\pages\ProductDetails.js
FN:7,(anonymous_0)
FN:14,(anonymous_1)
FN:18,(anonymous_2)
FN:30,(anonymous_3)
FN:75,(anonymous_4)
FN:98,(anonymous_5)
FNF:6
FNH:6
FNDA:16,(anonymous_0)
FNDA:10,(anonymous_1)
FNDA:10,(anonymous_2)
FNDA:9,(anonymous_3)
FNDA:12,(anonymous_4)
FNDA:1,(anonymous_5)
DA:7,1
DA:8,16
DA:9,16
DA:10,16
DA:11,15
DA:14,15
DA:15,10
DA:18,15
DA:19,10
DA:20,10
DA:23,9
DA:24,9
DA:26,1
DA:30,15
DA:31,9
DA:32,9
DA:35,9
DA:37,0
DA:40,15
DA:76,12
DA:98,1
LF:21
LH:20
BRDA:15,0,0,10
BRDA:15,0,1,0
BRDA:71,1,0,15
BRDA:71,1,1,9
BRF:4
BRH:3
end_of_record
TN:
SF:client\src\pages\Auth\Login.js
FN:9,(anonymous_0)
FN:20,(anonymous_1)
FN:62,(anonymous_2)
FN:73,(anonymous_3)
FN:84,(anonymous_4)
FNF:5
FNH:4
FNDA:11,(anonymous_0)
FNDA:2,(anonymous_1)
FNDA:3,(anonymous_2)
FNDA:3,(anonymous_3)
FNDA:0,(anonymous_4)
DA:9,1
DA:10,11
DA:11,11
DA:12,11
DA:15,11
DA:16,11
DA:20,11
DA:21,2
DA:22,2
DA:23,2
DA:27,1
DA:28,1
DA:36,1
DA:41,1
DA:42,1
DA:44,0
DA:47,1
DA:48,1
DA:51,11
DA:62,3
DA:73,3
DA:85,0
LF:22
LH:20
BRDA:27,0,0,1
BRDA:27,0,1,0
BRDA:27,1,0,1
BRDA:27,1,1,1
BRDA:28,2,0,1
BRDA:28,2,1,1
BRDA:42,3,0,1
BRDA:42,3,1,1
BRF:8
BRH:7
end_of_record
TN:
SF:client\src\pages\Auth\Register.js
FN:7,(anonymous_0)
FN:18,(anonymous_1)
FN:51,(anonymous_2)
FN:63,(anonymous_3)
FN:74,(anonymous_4)
FN:85,(anonymous_5)
FN:96,(anonymous_6)
FN:107,(anonymous_7)
FN:118,(anonymous_8)
FNF:9
FNH:9
FNDA:16,(anonymous_0)
FNDA:2,(anonymous_1)
FNDA:2,(anonymous_2)
FNDA:2,(anonymous_3)
FNDA:2,(anonymous_4)
FNDA:2,(anonymous_5)
FNDA:2,(anonymous_6)
FNDA:2,(anonymous_7)
FNDA:2,(anonymous_8)
DA:7,1
DA:8,16
DA:9,16
DA:10,16
DA:11,16
DA:12,16
DA:13,16
DA:14,16
DA:15,16
DA:18,16
DA:19,2
DA:20,2
DA:21,2
DA:30,1
DA:31,1
DA:32,1
DA:34,0
DA:37,1
DA:38,1
DA:42,16
DA:51,2
DA:63,2
DA:74,2
DA:85,2
DA:96,2
DA:107,2
DA:118,2
LF:27
LH:26
BRDA:30,0,0,1
BRDA:30,0,1,0
BRDA:30,1,0,1
BRDA:30,1,1,1
BRF:4
BRH:3
end_of_record
TN:
SF:client\src\pages\admin\AdminDashboard.js
FN:6,(anonymous_0)
FNF:1
FNH:1
FNDA:4,(anonymous_0)
DA:6,1
DA:7,4
DA:8,4
LF:3
LH:3
BRF:0
BRH:0
end_of_record
TN:
SF:client\src\pages\admin\AdminOrders.js
FN:11,(anonymous_0)
FN:22,(anonymous_1)
FN:31,(anonymous_2)
FN:35,(anonymous_3)
FN:53,(anonymous_4)
FN:73,(anonymous_5)
FN:76,(anonymous_6)
FN:91,(anonymous_7)
FNF:8
FNH:6
FNDA:2,(anonymous_0)
FNDA:1,(anonymous_1)
FNDA:1,(anonymous_2)
FNDA:0,(anonymous_3)
FNDA:1,(anonymous_4)
FNDA:0,(anonymous_5)
FNDA:5,(anonymous_6)
FNDA:1,(anonymous_7)
DA:9,1
DA:11,1
DA:12,2
DA:19,2
DA:20,2
DA:21,2
DA:22,2
DA:23,1
DA:24,1
DA:25,1
DA:27,0
DA:31,2
DA:32,1
DA:35,2
DA:36,0
DA:37,0
DA:40,0
DA:42,0
DA:45,2
DA:54,1
DA:73,0
DA:77,5
DA:92,1
LF:23
LH:17
BRDA:32,0,0,1
BRDA:32,0,1,0
BRDA:55,1,0,1
BRDA:55,1,1,0
BRDA:85,2,0,1
BRDA:85,2,1,0
BRF:6
BRH:3
end_of_record
TN:
SF:client\src\pages\admin\CreateCategory.js
FN:8,(anonymous_0)
FN:15,(anonymous_1)
FN:34,(anonymous_2)
FN:46,(anonymous_3)
FN:51,(anonymous_4)
FN:72,(anonymous_5)
FN:113,(anonymous_6)
FN:120,(anonymous_7)
FN:130,(anonymous_8)
FN:144,(anonymous_9)
FNF:10
FNH:6
FNDA:7,(anonymous_0)
FNDA:0,(anonymous_1)
FNDA:4,(anonymous_2)
FNDA:3,(anonymous_3)
FNDA:0,(anonymous_4)
FNDA:1,(anonymous_5)
FNDA:9,(anonymous_6)
FNDA:0,(anonymous_7)
FNDA:1,(anonymous_8)
FNDA:0,(anonymous_9)
DA:8,1
DA:9,7
DA:10,6
DA:11,6
DA:12,6
DA:13,6
DA:15,6
DA:16,0
DA:17,0
DA:18,0
DA:21,0
DA:22,0
DA:23,0
DA:25,0
DA:28,0
DA:29,0
DA:34,6
DA:35,4
DA:36,4
DA:37,3
DA:38,3
DA:41,1
DA:42,1
DA:46,6
DA:47,3
DA:51,6
DA:52,0
DA:53,0
DA:54,0
DA:58,0
DA:59,0
DA:60,0
DA:61,0
DA:62,0
DA:63,0
DA:65,0
DA:68,0
DA:72,6
DA:73,1
DA:74,1
DA:77,1
DA:78,1
DA:80,1
DA:82,0
DA:85,0
DA:88,6
DA:114,9
DA:121,0
DA:122,0
DA:123,0
DA:131,1
DA:144,0
LF:52
LH:26
BRDA:21,0,0,0
BRDA:21,0,1,0
BRDA:37,1,0,3
BRDA:37,1,1,0
BRDA:58,2,0,0
BRDA:58,2,1,0
BRDA:77,3,0,1
BRDA:77,3,1,0
BRF:8
BRH:2
end_of_record
TN:
SF:client\src\pages\admin\CreateProduct.js
FN:10,(anonymous_0)
FN:22,(anonymous_1)
FN:34,(anonymous_2)
FN:39,(anonymous_3)
FN:81,(anonymous_4)
FN:85,(anonymous_5)
FN:98,(anonymous_6)
FN:121,(anonymous_7)
FN:130,(anonymous_8)
FN:140,(anonymous_9)
FN:149,(anonymous_10)
FN:159,(anonymous_11)
FNF:12
FNH:8
FNDA:8,(anonymous_0)
FNDA:3,(anonymous_1)
FNDA:3,(anonymous_2)
FNDA:1,(anonymous_3)
FNDA:0,(anonymous_4)
FNDA:0,(anonymous_5)
FNDA:0,(anonymous_6)
FNDA:1,(anonymous_7)
FNDA:1,(anonymous_8)
FNDA:1,(anonymous_9)
FNDA:1,(anonymous_10)
FNDA:0,(anonymous_11)
DA:8,1
DA:10,1
DA:11,8
DA:12,8
DA:13,8
DA:14,8
DA:15,8
DA:16,8
DA:17,8
DA:18,8
DA:19,8
DA:22,8
DA:23,3
DA:24,3
DA:25,0
DA:26,0
DA:29,3
DA:30,3
DA:34,8
DA:35,3
DA:39,8
DA:40,1
DA:41,1
DA:42,1
DA:43,1
DA:44,1
DA:45,1
DA:46,1
DA:47,1
DA:48,1
DA:49,1
DA:53,1
DA:54,0
DA:56,1
DA:57,1
DA:60,0
DA:61,0
DA:65,8
DA:82,0
DA:86,0
DA:98,0
DA:121,1
DA:130,1
DA:140,1
DA:149,1
DA:160,0
LF:46
LH:37
BRDA:25,0,0,0
BRDA:25,0,1,0
BRDA:53,1,0,0
BRDA:53,1,1,1
BRDA:93,2,0,0
BRDA:93,2,1,8
BRDA:104,3,0,8
BRDA:104,3,1,0
BRF:8
BRH:3
end_of_record
TN:
SF:client\src\pages\admin\Products.js
FN:7,(anonymous_0)
FN:11,(anonymous_1)
FN:22,(anonymous_2)
FN:34,(anonymous_3)
FNF:4
FNH:4
FNDA:4,(anonymous_0)
FNDA:3,(anonymous_1)
FNDA:3,(anonymous_2)
FNDA:2,(anonymous_3)
DA:7,1
DA:8,4
DA:11,4
DA:12,3
DA:13,3
DA:14,1
DA:16,2
DA:17,2
DA:22,4
DA:23,3
DA:25,4
DA:35,2
LF:12
LH:12
BRF:0
BRH:0
end_of_record
TN:
SF:client\src\pages\admin\UpdateProduct.js
FN:10,(anonymous_0)
FN:24,(anonymous_1)
FN:41,(anonymous_2)
FN:46,(anonymous_3)
FN:58,(anonymous_4)
FN:63,(anonymous_5)
FN:90,(anonymous_6)
FN:120,(anonymous_7)
FN:125,(anonymous_8)
FN:138,(anonymous_9)
FN:170,(anonymous_10)
FN:179,(anonymous_11)
FN:189,(anonymous_12)
FN:198,(anonymous_13)
FN:208,(anonymous_14)
FNF:15
FNH:10
FNDA:12,(anonymous_0)
FNDA:4,(anonymous_1)
FNDA:4,(anonymous_2)
FNDA:4,(anonymous_3)
FNDA:4,(anonymous_4)
FNDA:1,(anonymous_5)
FNDA:0,(anonymous_6)
FNDA:0,(anonymous_7)
FNDA:0,(anonymous_8)
FNDA:0,(anonymous_9)
FNDA:2,(anonymous_10)
FNDA:1,(anonymous_11)
FNDA:1,(anonymous_12)
FNDA:1,(anonymous_13)
FNDA:0,(anonymous_14)
DA:8,1
DA:10,1
DA:11,12
DA:12,11
DA:13,11
DA:14,11
DA:15,11
DA:16,11
DA:17,11
DA:18,11
DA:19,11
DA:20,11
DA:21,11
DA:24,11
DA:25,4
DA:26,4
DA:29,3
DA:30,3
DA:31,3
DA:32,3
DA:33,3
DA:34,3
DA:35,3
DA:36,3
DA:38,3
DA:41,11
DA:42,4
DA:46,11
DA:47,4
DA:48,4
DA:49,0
DA:50,0
DA:53,4
DA:54,4
DA:58,11
DA:59,4
DA:63,11
DA:64,1
DA:65,1
DA:66,1
DA:67,1
DA:68,1
DA:69,1
DA:70,1
DA:71,1
DA:72,1
DA:73,1
DA:77,1
DA:78,0
DA:80,1
DA:81,1
DA:84,0
DA:85,0
DA:90,11
DA:91,0
DA:92,0
DA:93,0
DA:94,0
DA:97,0
DA:98,0
DA:100,0
DA:101,0
DA:104,11
DA:121,0
DA:126,0
DA:138,0
DA:170,2
DA:179,1
DA:189,1
DA:198,1
DA:209,0
LF:71
LH:54
BRDA:49,0,0,0
BRDA:49,0,1,0
BRDA:71,1,0,1
BRDA:71,1,1,0
BRDA:77,2,0,0
BRDA:77,2,1,1
BRDA:93,3,0,0
BRDA:93,3,1,0
BRDA:133,4,0,0
BRDA:133,4,1,11
BRDA:144,5,0,0
BRDA:144,5,1,11
BRDA:211,6,0,1
BRDA:211,6,1,10
BRF:14
BRH:6
end_of_record
TN:
SF:client\src\pages\admin\Users.js
FN:5,(anonymous_0)
FNF:1
FNH:1
FNDA:2,(anonymous_0)
DA:5,1
DA:6,2
LF:2
LH:2
BRF:0
BRH:0
end_of_record
